SPVC64-N 30.0 0 16.45 0.00 0.00 2003.00
SPVC64-N 30.0 1 16.52 0.00 0.00 2015.00
SPVC64-N 30.0 2 16.58 0.00 0.00 2015.00
SPVC64-N 30.0 3 16.57 0.00 0.00 2015.00
SPVC64-N 30.0 0 24.89 0.00 0.00 2141.00
SPVC64-N 30.0 1 24.95 0.00 0.00 2155.00
SPVC64-N 30.0 2 24.96 0.00 0.00 2071.00
SPVC64-N 30.0 3 25.01 0.00 0.00 2071.00
SPVC64-N 30.0 0 23.39 0.00 0.00 2095.00
SPVC64-N 30.0 1 23.58 0.00 0.00 2107.00
SPVC64-N 30.0 2 23.50 0.00 0.00 2107.00
SPVC64-N 30.0 3 23.52 0.00 0.00 2107.00
SPVC64-N 30.0 0 26.63 0.00 0.00 2073.00
SPVC64-N 30.0 1 26.74 0.00 0.00 2084.00
SPVC64-N 30.0 2 26.73 0.00 0.00 2084.00
SPVC64-N 30.0 3 26.63 0.00 0.00 2084.00
SPVC64-N 30.0 0 28.31 0.00 0.00 2332.00
SPVC64-N 30.0 1 28.19 0.00 0.00 2348.00
SPVC64-N 30.0 2 28.13 0.00 0.00 2348.00
SPVC64-N 30.0 3 27.94 0.00 0.00 2348.00
SPVC64-N 30.0 0 29.29 0.00 0.00 2450.00
SPVC64-N 30.0 1 29.06 0.00 0.00 2464.00
SPVC64-N 30.0 2 28.42 0.00 0.00 2464.00
SPVC64-N 30.0 3 28.40 0.00 0.00 2464.00
SPVC64-N 30.0 0 26.08 0.00 0.00 3426.00
SPVC64-N 30.0 1 26.03 0.00 0.00 3436.00
SPVC64-N 30.0 2 25.77 0.00 0.00 3436.00
SPVC64-N 30.0 3 25.81 0.00 0.00 3436.00
SPVC64-N 30.0 0 27.91 0.00 0.00 3464.00
SPVC64-N 30.0 1 27.49 0.00 0.00 3480.00
SPVC64-N 30.0 2 27.60 0.00 0.00 3480.00
SPVC64-N 30.0 3 27.23 0.00 0.00 3480.00
SPVC64-N 30.0 0 27.27 0.00 0.00 3526.00
SPVC64-N 30.0 1 26.99 0.00 0.00 3540.00
SPVC64-N 30.0 2 26.82 0.00 0.00 3540.00
SPVC64-N 30.0 3 26.88 0.00 0.00 3540.00
SPVC64-N 30.0 0 28.95 0.00 0.00 3568.00
SPVC64-N 30.0 1 28.37 0.00 0.00 3583.00
SPVC64-N 30.0 2 28.73 0.00 0.00 3583.00
SPVC64-N 30.0 3 28.48 0.00 0.00 3583.00
SPVC64-N 30.0 0 28.84 0.00 0.00 3615.00
SPVC64-N 30.0 1 28.36 0.00 0.00 3627.00
SPVC64-N 30.0 2 29.53 0.00 0.00 3627.00
SPVC64-N 30.0 3 29.19 0.00 0.00 3627.00
SPVC64-N 30.0 0 32.47 0.00 0.00 2729.00
SPVC64-N 30.0 1 32.45 0.00 0.00 2741.00
SPVC64-N 30.0 2 31.50 0.00 0.00 2741.00
SPVC64-N 30.0 3 31.30 0.00 0.00 2741.00
SPVC64-N 30.0 0 32.58 0.00 0.00 3173.00
SPVC64-N 30.0 1 32.81 0.00 0.00 3183.00
SPVC64-N 30.0 2 32.94 0.00 0.00 3182.00
SPVC64-N 30.0 3 32.83 0.00 0.00 3182.00
SPVC64-N 30.0 0 32.43 0.00 0.00 3318.00
SPVC64-N 30.0 1 31.22 0.00 0.00 3328.00
SPVC64-N 30.0 2 32.96 0.00 0.00 3328.00
SPVC64-N 30.0 3 32.26 0.00 0.00 3328.00
SPVC64-N 30.0 0 30.59 0.00 0.00 3790.00
SPVC64-N 30.0 1 30.35 0.00 0.00 3800.00
SPVC64-N 30.0 2 30.54 0.00 0.00 3800.00
SPVC64-N 30.0 3 30.54 0.00 0.00 3800.00
SPVC64-N 30.0 0 31.65 0.00 0.00 3834.00
SPVC64-N 30.0 1 30.73 0.00 0.00 3844.00
SPVC64-N 30.0 2 31.51 0.00 0.00 3844.00
SPVC64-N 30.0 3 30.26 0.00 0.00 3844.00
SPVC64-N 30.0 0 29.83 0.00 0.00 3643.00
SPVC64-N 30.0 1 27.47 0.00 0.00 3757.00
SPVC64-N 30.0 2 29.22 0.00 0.00 3762.00
SPVC64-N 30.0 3 30.90 0.00 0.00 3682.00
SPVC64-N 30.0 0 31.71 0.00 0.00 3734.00
SPVC64-N 30.0 1 31.50 0.00 0.00 3748.00
SPVC64-N 30.0 2 31.49 0.00 0.00 3748.00
SPVC64-N 30.0 3 31.32 0.00 0.00 3748.00
SPVC64-N 30.0 0 31.84 0.00 0.00 3776.00
SPVC64-N 30.0 1 31.73 0.00 0.00 3786.00
SPVC64-N 30.0 2 31.34 0.00 0.00 3786.00
SPVC64-N 30.0 3 31.40 0.00 0.00 3786.00
SPVC64-N 30.0 0 30.50 0.00 0.00 3812.00
SPVC64-N 30.0 1 31.30 0.00 0.00 3828.00
SPVC64-N 30.0 2 32.36 0.00 0.00 3828.00
SPVC64-N 30.0 3 32.04 0.00 0.00 3827.00
SPVC64-N 30.0 0 32.00 0.00 0.00 3852.00
SPVC64-N 30.0 1 31.05 0.00 0.00 3866.00
SPVC64-N 30.0 2 31.19 0.00 0.00 3866.00
SPVC64-N 30.0 3 31.58 0.00 0.00 3866.00
SPVC64-N 30.0 0 32.70 0.00 0.00 3900.00
SPVC64-N 30.0 1 31.73 0.00 0.00 3910.00
SPVC64-N 30.0 2 32.44 0.00 0.00 3910.00
SPVC64-N 30.0 3 31.89 0.00 0.00 3910.00
SPVC64-N 30.0 0 32.28 0.00 0.00 3940.00
SPVC64-N 30.0 1 31.45 0.00 0.00 3952.00
SPVC64-N 30.0 2 32.26 0.00 0.00 3952.00
SPVC64-N 30.0 3 32.20 0.00 0.00 3952.00
SPVC64-N 30.0 0 33.41 0.00 0.00 3984.00
SPVC64-N 30.0 1 32.76 0.00 0.00 3996.00
SPVC64-N 30.0 2 32.02 0.00 0.00 3996.00
SPVC64-N 30.0 3 32.58 0.00 0.00 3996.00
SPVC64-N 30.0 0 33.13 0.00 0.00 4030.00
SPVC64-N 30.0 1 33.01 0.00 0.00 4040.00
SPVC64-N 30.0 2 32.78 0.00 0.00 4040.00
SPVC64-N 30.0 3 32.64 0.00 0.00 4040.00
SPVC64-N 30.0 0 33.28 0.00 0.00 4076.00
SPVC64-N 30.0 1 32.19 0.00 0.00 4086.00
SPVC64-N 30.0 2 32.61 0.00 0.00 4086.00
SPVC64-N 30.0 3 32.76 0.00 0.00 4086.00
SPVC64-N 30.0 0 33.45 0.00 0.00 4122.00
SPVC64-N 30.0 1 32.64 0.00 0.00 4132.00
SPVC64-N 30.0 2 33.06 0.00 0.00 4132.00
SPVC64-N 30.0 3 32.18 0.00 0.00 4134.00
SPVC64-N 30.0 0 32.70 0.00 0.00 4164.00
SPVC64-N 30.0 1 32.53 0.00 0.00 4174.00
SPVC64-N 30.0 2 33.21 0.00 0.00 4174.00
SPVC64-N 30.0 3 32.28 0.00 0.00 4174.00
SPVC64-N 30.0 0 32.99 0.00 0.00 4210.00
SPVC64-N 30.0 1 32.99 0.00 0.00 4220.00
SPVC64-N 30.0 2 33.52 0.00 0.00 4220.00
SPVC64-N 30.0 3 32.90 0.00 0.00 4220.00
SPVC64-N 30.0 0 33.95 0.00 0.00 4510.00
SPVC64-N 30.0 1 33.31 0.00 0.00 4522.00
SPVC64-N 30.0 2 33.79 0.00 0.00 4522.00
SPVC64-N 30.0 3 31.89 0.00 0.00 4522.00
DVC 30.0 0 24.28 0.00 0.00 1702.86
DVC 30.0 1 23.76 0.00 0.00 1703.00
DVC 30.0 2 23.56 0.00 0.00 1703.00
DVC 30.0 3 23.79 0.00 0.00 1702.00
DVC 30.0 0 25.26 0.00 0.00 1701.00
DVC 30.0 1 24.96 0.00 0.00 1707.14
DVC 30.0 2 24.87 0.00 0.00 1730.57
DVC 30.0 3 24.96 0.00 0.00 1730.00
DVC 30.0 0 26.50 0.00 0.00 1894.00
DVC 30.0 1 25.82 0.00 0.00 1895.43
DVC 30.0 2 25.57 0.00 0.00 1895.00
DVC 30.0 3 25.40 0.00 0.00 1895.00
DVC 30.0 0 26.00 0.00 0.00 1893.00
DVC 30.0 1 25.63 0.00 0.00 1895.00
DVC 30.0 2 25.59 0.00 0.00 1895.00
DVC 30.0 3 25.60 0.00 0.00 1895.00
DVC 30.0 0 26.14 0.00 0.00 1893.00
DVC 30.0 1 25.77 0.00 0.00 1895.00
DVC 30.0 2 25.63 0.00 0.00 1895.00
DVC 30.0 3 25.67 0.00 0.00 1895.00
DVC 30.0 0 26.14 0.00 0.00 1728.00
DVC 30.0 1 25.61 0.00 0.00 1731.00
DVC 30.0 2 25.65 0.00 0.00 1729.57
DVC 30.0 3 25.52 0.00 0.00 1729.00
DVC 30.0 0 26.22 0.00 0.00 1893.00
DVC 30.0 1 25.80 0.00 0.00 1895.00
DVC 30.0 2 25.80 0.00 0.00 1895.00
DVC 30.0 3 25.69 0.00 0.00 1840.29
DVC 30.0 0 26.20 0.00 0.00 1731.29
DVC 30.0 1 25.77 0.00 0.00 1744.71
DVC 30.0 2 25.90 0.00 0.00 1744.57
DVC 30.0 3 25.86 0.00 0.00 1744.29
DVC 30.0 0 26.34 0.00 0.00 1742.57
DVC 30.0 1 25.92 0.00 0.00 1744.29
DVC 30.0 2 25.87 0.00 0.00 1744.00
DVC 30.0 3 25.93 0.00 0.00 1744.14
DVC 30.0 0 26.22 0.00 0.00 1742.00
DVC 30.0 1 25.90 0.00 0.00 1760.86
DVC 30.0 2 25.86 0.00 0.00 1760.00
DVC 30.0 3 25.82 0.00 0.00 1761.00
DVC 30.0 0 26.32 0.00 0.00 1742.00
DVC 30.0 1 25.91 0.00 0.00 1760.14
DVC 30.0 2 25.87 0.00 0.00 1760.57
DVC 30.0 3 25.97 0.00 0.00 1760.14
DVC 30.0 0 26.34 0.00 0.00 1743.00
DVC 30.0 1 25.91 0.00 0.00 1760.14
DVC 30.0 2 25.92 0.00 0.00 1760.43
DVC 30.0 3 25.45 0.00 0.00 1762.14
DVC 30.0 0 25.69 0.00 0.00 1744.00
DVC 30.0 1 25.22 0.00 0.00 1761.86
DVC 30.0 2 25.04 0.00 0.00 1761.29
DVC 30.0 3 25.05 0.00 0.00 1761.57
DVC 30.0 0 26.35 0.00 0.00 1738.71
DVC 30.0 1 26.18 0.00 0.00 1740.86
DVC 30.0 2 26.12 0.00 0.00 1740.71
DVC 30.0 3 26.05 0.00 0.00 1740.86
DVC 30.0 0 25.64 0.00 0.00 1755.14
DVC 30.0 1 25.31 0.00 0.00 1757.29
DVC 30.0 2 25.15 0.00 0.00 1757.29
DVC 30.0 3 25.16 0.00 0.00 1757.43
DVC 30.0 0 25.56 0.00 0.00 1757.71
DVC 30.0 1 25.14 0.00 0.00 1759.43
DVC 30.0 2 25.18 0.00 0.00 1759.29
DVC 30.0 3 25.01 0.00 0.00 1759.00
DVC 30.0 0 25.58 0.00 0.00 1757.00
DVC 30.0 1 25.20 0.00 0.00 1759.57
DVC 30.0 2 25.07 0.00 0.00 1759.57
DVC 30.0 3 25.17 0.00 0.00 1759.29
DVC 30.0 0 25.68 0.00 0.00 1759.00
DVC 30.0 1 25.20 0.00 0.00 1761.14
DVC 30.0 2 25.22 0.00 0.00 1761.14
DVC 30.0 3 25.18 0.00 0.00 1761.57
DVC 30.0 0 25.70 0.00 0.00 1759.43
DVC 30.0 1 25.29 0.00 0.00 1761.57
DVC 30.0 2 25.15 0.00 0.00 1761.29
DVC 30.0 3 24.80 0.00 0.00 1761.14
DVC 30.0 0 26.34 0.00 0.00 1759.57
DVC 30.0 1 25.63 0.00 0.00 1761.29
DVC 30.0 2 25.39 0.00 0.00 1761.86
DVC 30.0 3 25.21 0.00 0.00 1761.00
DVC 30.0 0 26.18 0.00 0.00 1761.29
DVC 30.0 1 25.26 0.00 0.00 1763.00
DVC 30.0 2 25.12 0.00 0.00 1763.00
DVC 30.0 3 25.24 0.00 0.00 1763.57
DVC 30.0 0 25.65 0.00 0.00 1761.43
DVC 30.0 1 25.00 0.00 0.00 1763.86
DVC 30.0 2 25.02 0.00 0.00 1764.29
DVC 30.0 3 25.13 0.00 0.00 1763.14
DVC 30.0 0 25.67 0.00 0.00 1762.00
DVC 30.0 1 25.23 0.00 0.00 1764.00
DVC 30.0 2 25.16 0.00 0.00 1764.00
DVC 30.0 3 25.21 0.00 0.00 1764.00
DVC 30.0 0 25.70 0.00 0.00 1763.43
DVC 30.0 1 25.12 0.00 0.00 1765.86
DVC 30.0 2 25.10 0.00 0.00 1766.00
DVC 30.0 3 25.14 0.00 0.00 1766.00
DVC 30.0 0 25.60 0.00 0.00 1764.00
DVC 30.0 1 25.14 0.00 0.00 1765.57
DVC 30.0 2 25.15 0.00 0.00 1765.57
DVC 30.0 3 25.22 0.00 0.00 1766.00
DVC 30.0 0 25.78 0.00 0.00 1772.00
DVC 30.0 1 25.21 0.00 0.00 1774.00
DVC 30.0 2 25.28 0.00 0.00 1773.71
DVC 30.0 3 25.25 0.00 0.00 1773.57
DVC 30.0 0 25.72 0.00 0.00 1788.00
DVC 30.0 1 25.29 0.00 0.00 1790.00
DVC 30.0 2 25.18 0.00 0.00 1790.00
DVC 30.0 3 25.14 0.00 0.00 1790.00
DVC 30.0 0 25.67 0.00 0.00 1788.00
DVC 30.0 1 25.32 0.00 0.00 1789.71
DVC 30.0 2 25.24 0.00 0.00 1789.57
DVC 30.0 3 25.27 0.00 0.00 1790.00
DVC 30.0 0 25.56 0.00 0.00 1776.00
DVC 30.0 1 25.17 0.00 0.00 1778.00
DVC 30.0 2 25.23 0.00 0.00 1777.71
DVC 30.0 3 25.19 0.00 0.00 1777.43
DVC 30.0 0 26.53 0.00 0.00 1774.71
DVC 30.0 1 26.10 0.00 0.00 1776.71
DVC 30.0 2 26.13 0.00 0.00 1776.71
DVC 30.0 3 25.99 0.00 0.00 1777.14
RLVC 30.0 0 22.02 0.00 0.00 1789.14
RLVC 30.0 1 21.51 0.00 0.00 1772.00
RLVC 30.0 2 21.37 0.00 0.00 1771.29
RLVC 30.0 3 21.36 0.00 0.00 1771.00
RLVC 30.0 0 19.24 0.00 0.00 1773.00
RLVC 30.0 1 19.05 0.00 0.00 1773.00
RLVC 30.0 2 19.03 0.00 0.00 1773.00
RLVC 30.0 3 19.04 0.00 0.00 1773.00
RLVC 30.0 0 17.90 0.00 0.00 1791.57
RLVC 30.0 1 17.72 0.00 0.00 1791.71
RLVC 30.0 2 17.68 0.00 0.00 1792.00
RLVC 30.0 3 17.68 0.00 0.00 1792.00
RLVC 30.0 0 17.49 0.00 0.00 1792.00
RLVC 30.0 1 17.41 0.00 0.00 1791.29
RLVC 30.0 2 17.44 0.00 0.00 1792.00
RLVC 30.0 3 17.43 0.00 0.00 1792.00
RLVC 30.0 0 17.41 0.00 0.00 1796.00
RLVC 30.0 1 17.25 0.00 0.00 1811.43
RLVC 30.0 2 17.28 0.00 0.00 1812.00
RLVC 30.0 3 17.35 0.00 0.00 1812.00
RLVC 30.0 0 17.74 0.00 0.00 1777.00
RLVC 30.0 1 17.62 0.00 0.00 1793.00
RLVC 30.0 2 17.61 0.00 0.00 1780.14
RLVC 30.0 3 17.49 0.00 0.00 1765.29
RLVC 30.0 0 17.17 0.00 0.00 1796.00
RLVC 30.0 1 17.08 0.00 0.00 1811.71
RLVC 30.0 2 17.04 0.00 0.00 1811.71
RLVC 30.0 3 17.10 0.00 0.00 1811.43
RLVC 30.0 0 17.14 0.00 0.00 1796.00
RLVC 30.0 1 17.04 0.00 0.00 1812.00
RLVC 30.0 2 17.02 0.00 0.00 1812.00
RLVC 30.0 3 17.05 0.00 0.00 1811.57
RLVC 30.0 0 17.12 0.00 0.00 1796.00
RLVC 30.0 1 17.08 0.00 0.00 1812.00
RLVC 30.0 2 17.01 0.00 0.00 1812.00
RLVC 30.0 3 16.99 0.00 0.00 1811.71
RLVC 30.0 0 17.11 0.00 0.00 1795.86
RLVC 30.0 1 16.97 0.00 0.00 1814.43
RLVC 30.0 2 16.93 0.00 0.00 1818.43
RLVC 30.0 3 16.76 0.00 0.00 1820.71
RLVC 30.0 0 16.88 0.00 0.00 1805.00
RLVC 30.0 1 17.21 0.00 0.00 1977.43
RLVC 30.0 2 17.43 0.00 0.00 1899.29
RLVC 30.0 3 17.55 0.00 0.00 1833.57
RLVC 30.0 0 17.22 0.00 0.00 1816.71
RLVC 30.0 1 16.83 0.00 0.00 1831.00
RLVC 30.0 2 16.84 0.00 0.00 1831.29
RLVC 30.0 3 16.82 0.00 0.00 1835.43
RLVC 30.0 0 16.89 0.00 0.00 1824.43
RLVC 30.0 1 16.88 0.00 0.00 1824.14
RLVC 30.0 2 16.90 0.00 0.00 1823.57
RLVC 30.0 3 16.84 0.00 0.00 1823.00
RLVC 30.0 0 17.22 0.00 0.00 1760.71
RLVC 30.0 1 17.21 0.00 0.00 1754.00
RLVC 30.0 2 17.19 0.00 0.00 1756.29
RLVC 30.0 3 17.21 0.00 0.00 1759.71
RLVC 30.0 0 16.80 0.00 0.00 1823.14
RLVC 30.0 1 16.73 0.00 0.00 1899.43
RLVC 30.0 2 17.76 0.00 0.00 1898.71
RLVC 30.0 3 17.43 0.00 0.00 1913.86
RLVC 30.0 0 17.33 0.00 0.00 1929.71
RLVC 30.0 1 17.26 0.00 0.00 1842.57
RLVC 30.0 2 17.25 0.00 0.00 1852.57
RLVC 30.0 3 17.44 0.00 0.00 1838.00
RLVC 30.0 0 17.57 0.00 0.00 1805.00
RLVC 30.0 1 17.66 0.00 0.00 1806.00
RLVC 30.0 2 17.37 0.00 0.00 1966.57
RLVC 30.0 3 17.44 0.00 0.00 1911.29
RLVC 30.0 0 18.24 0.00 0.00 2049.00
RLVC 30.0 1 17.40 0.00 0.00 1964.86
RLVC 30.0 2 16.90 0.00 0.00 1845.00
RLVC 30.0 3 17.29 0.00 0.00 1766.00
RLVC 30.0 0 17.17 0.00 0.00 1976.00
RLVC 30.0 1 15.95 0.00 0.00 1929.14
RLVC 30.0 2 16.59 0.00 0.00 1894.71
RLVC 30.0 3 17.01 0.00 0.00 1841.00
RLVC 30.0 0 17.00 0.00 0.00 1846.57
RLVC 30.0 1 16.88 0.00 0.00 1980.14
RLVC 30.0 2 17.01 0.00 0.00 1993.71
RLVC 30.0 3 17.03 0.00 0.00 1909.71
RLVC 30.0 0 17.26 0.00 0.00 1903.57
RLVC 30.0 1 16.85 0.00 0.00 1893.43
RLVC 30.0 2 16.95 0.00 0.00 1955.86
RLVC 30.0 3 16.96 0.00 0.00 1914.71
RLVC 30.0 0 16.98 0.00 0.00 1907.29
RLVC 30.0 1 16.88 0.00 0.00 1898.43
RLVC 30.0 2 16.95 0.00 0.00 1817.00
RLVC 30.0 3 16.92 0.00 0.00 1817.57
RLVC 30.0 0 16.84 0.00 0.00 1867.43
RLVC 30.0 1 16.78 0.00 0.00 1885.71
RLVC 30.0 2 16.83 0.00 0.00 1825.00
RLVC 30.0 3 16.68 0.00 0.00 1825.00
RLVC 30.0 0 18.74 0.00 0.00 2061.00
RLVC 30.0 1 17.27 0.00 0.00 2011.29
RLVC 30.0 2 17.13 0.00 0.00 1974.00
RLVC 30.0 3 17.07 0.00 0.00 1974.00
RLVC 30.0 0 17.10 0.00 0.00 1974.00
RLVC 30.0 1 17.01 0.00 0.00 1974.00
RLVC 30.0 2 17.09 0.00 0.00 1974.00
RLVC 30.0 3 18.06 0.00 0.00 1974.00
RLVC 30.0 0 18.15 0.00 0.00 2000.00
RLVC 30.0 1 17.73 0.00 0.00 2000.00
RLVC 30.0 2 17.81 0.00 0.00 2000.00
RLVC 30.0 3 17.09 0.00 0.00 1937.57
RLVC 30.0 0 16.96 0.00 0.00 1875.00
RLVC 30.0 1 16.98 0.00 0.00 1831.14
RLVC 30.0 2 16.90 0.00 0.00 1824.86
RLVC 30.0 3 16.76 0.00 0.00 1843.71
RLVC 30.0 0 16.82 0.00 0.00 1845.57
RLVC 30.0 1 16.79 0.00 0.00 1824.00
RLVC 30.0 2 16.84 0.00 0.00 1813.43
RLVC 30.0 3 16.85 0.00 0.00 1818.71
RLVC 30.0 0 16.96 0.00 0.00 1824.00
RLVC 30.0 1 17.35 0.00 0.00 1835.14
RLVC 30.0 2 17.44 0.00 0.00 1855.86
RLVC 30.0 3 17.15 0.00 0.00 1859.71
RLVC 30.0 0 17.08 0.00 0.00 1800.14
RLVC 30.0 1 17.02 0.00 0.00 1799.57
RLVC 30.0 2 17.05 0.00 0.00 1800.00
RLVC 30.0 3 16.98 0.00 0.00 1800.00
